Forwarding from 127.0.0.1:5000 -> 5000
Forwarding from [::1]:5000 -> 5000
Handling connection for 5000
I0426 12:07:55.999092   24448 log.go:245] (0xc0000e64d0) (0xc00041c460) Create stream
I0426 12:07:55.999181   24448 log.go:245] (0xc0000e64d0) (0xc00041c460) Stream added, broadcasting: 1
I0426 12:07:56.010610   24448 log.go:245] (0xc0000e64d0) Reply frame received for 1
I0426 12:07:56.010696   24448 log.go:245] (0xc00041c460) (1) Writing data frame
I0426 12:07:56.010839   24448 log.go:245] (0xc0000e64d0) (0xc00049e140) Create stream
I0426 12:07:56.010854   24448 log.go:245] (0xc0000e64d0) (0xc00049e140) Stream added, broadcasting: 3
I0426 12:07:56.012352   24448 log.go:245] (0xc0000e64d0) Reply frame received for 3
I0426 12:07:56.012461   24448 log.go:245] (0xc00049e140) (3) Writing data frame
I0426 12:07:56.014788   24448 log.go:245] (0xc0000e64d0) Data frame received for 3
I0426 12:07:56.014810   24448 log.go:245] (0xc00049e140) (3) Data frame handling
I0426 12:07:56.014821   24448 log.go:245] (0xc00049e140) (3) Data frame sent
I0426 12:07:56.015055   24448 log.go:245] (0xc00049e140) (3) Writing data frame
I0426 12:07:56.026486   24448 log.go:245] (0xc0000e64d0) Data frame received for 1
I0426 12:07:56.026521   24448 log.go:245] (0xc00041c460) (1) Data frame handling
I0426 12:07:56.026534   24448 log.go:245] (0xc0000e64d0) (0xc00041c460) Stream removed, broadcasting: 1
I0426 12:07:56.026556   24448 log.go:245] (0xc0000e64d0) Data frame received for 3
I0426 12:07:56.026563   24448 log.go:245] (0xc00049e140) (3) Data frame handling
I0426 12:07:56.026574   24448 log.go:245] (0xc0000e64d0) (0xc00049e140) Stream removed, broadcasting: 3
I0426 12:07:56.026590   24448 log.go:245] (0xc0000e64d0) (0xc00049e140) Stream removed, broadcasting: 3
Handling connection for 5000
I0426 12:07:56.043306   24448 log.go:245] (0xc0000e64d0) (0xc00049e1e0) Create stream
I0426 12:07:56.043332   24448 log.go:245] (0xc0000e64d0) (0xc00049e1e0) Stream added, broadcasting: 5
I0426 12:07:56.045235   24448 log.go:245] (0xc0000e64d0) Reply frame received for 5
I0426 12:07:56.045269   24448 log.go:245] (0xc00049e1e0) (5) Writing data frame
I0426 12:07:56.045412   24448 log.go:245] (0xc0000e64d0) (0xc0005b0000) Create stream
I0426 12:07:56.045429   24448 log.go:245] (0xc0000e64d0) (0xc0005b0000) Stream added, broadcasting: 7
I0426 12:07:56.047281   24448 log.go:245] (0xc0000e64d0) Reply frame received for 7
I0426 12:07:56.047396   24448 log.go:245] (0xc0005b0000) (7) Writing data frame
I0426 12:07:56.049933   24448 log.go:245] (0xc0000e64d0) Data frame received for 7
I0426 12:07:56.049962   24448 log.go:245] (0xc0005b0000) (7) Data frame handling
I0426 12:07:56.050000   24448 log.go:245] (0xc0005b0000) (7) Data frame sent
I0426 12:07:56.050293   24448 log.go:245] (0xc0005b0000) (7) Writing data frame
I0426 12:07:56.060454   24448 log.go:245] (0xc0000e64d0) Data frame received for 5
I0426 12:07:56.060494   24448 log.go:245] (0xc0000e64d0) Data frame received for 7
I0426 12:07:56.060533   24448 log.go:245] (0xc0005b0000) (7) Data frame handling
I0426 12:07:56.060575   24448 log.go:245] (0xc0000e64d0) (0xc0005b0000) Stream removed, broadcasting: 7
I0426 12:07:56.060593   24448 log.go:245] (0xc00049e1e0) (5) Data frame handling
I0426 12:07:56.060616   24448 log.go:245] (0xc0000e64d0) (0xc0005b0000) Stream removed, broadcasting: 7
I0426 12:07:56.060702   24448 log.go:245] (0xc0000e64d0) (0xc00049e1e0) Stream removed, broadcasting: 5
Handling connection for 5000
I0426 12:07:56.379465   24448 log.go:245] (0xc0000e64d0) (0xc00041c500) Create stream
I0426 12:07:56.379484   24448 log.go:245] (0xc0000e64d0) (0xc00041c500) Stream added, broadcasting: 9
I0426 12:07:56.384554   24448 log.go:245] (0xc0000e64d0) Reply frame received for 9
I0426 12:07:56.384599   24448 log.go:245] (0xc00041c500) (9) Writing data frame
I0426 12:07:56.384990   24448 log.go:245] (0xc0000e64d0) (0xc00041c5a0) Create stream
I0426 12:07:56.385012   24448 log.go:245] (0xc0000e64d0) (0xc00041c5a0) Stream added, broadcasting: 11
I0426 12:07:56.392314   24448 log.go:245] (0xc0000e64d0) Reply frame received for 11
I0426 12:07:56.392440   24448 log.go:245] (0xc00041c5a0) (11) Writing data frame
I0426 12:07:56.419619   24448 log.go:245] (0xc0000e64d0) Data frame received for 11
I0426 12:07:56.419661   24448 log.go:245] (0xc00041c5a0) (11) Data frame handling
I0426 12:07:56.419709   24448 log.go:245] (0xc00041c5a0) (11) Data frame sent
I0426 12:07:56.441843   24448 log.go:245] (0xc0000e64d0) Data frame received for 11
I0426 12:07:56.441878   24448 log.go:245] (0xc00041c5a0) (11) Data frame handling
I0426 12:07:56.441889   24448 log.go:245] (0xc00041c5a0) (11) Data frame sent
I0426 12:07:56.446097   24448 log.go:245] (0xc00041c5a0) (11) Writing data frame
I0426 12:07:56.448700   24448 log.go:245] (0xc0000e64d0) Data frame received for 11
I0426 12:07:56.448726   24448 log.go:245] (0xc00041c5a0) (11) Data frame handling
I0426 12:07:56.448737   24448 log.go:245] (0xc0000e64d0) (0xc00041c5a0) Stream removed, broadcasting: 11
I0426 12:07:56.448752   24448 log.go:245] (0xc0000e64d0) (0xc00041c5a0) Stream removed, broadcasting: 11
I0426 12:07:56.449034   24448 log.go:245] (0xc0000e64d0) Data frame received for 9
I0426 12:07:56.449118   24448 log.go:245] (0xc00041c500) (9) Data frame handling
I0426 12:07:56.449193   24448 log.go:245] (0xc0000e64d0) (0xc00041c500) Stream removed, broadcasting: 9
Handling connection for 5000
I0426 12:07:56.588275   24448 log.go:245] (0xc0000e64d0) (0xc0005b00a0) Create stream
I0426 12:07:56.588295   24448 log.go:245] (0xc0000e64d0) (0xc0005b00a0) Stream added, broadcasting: 13
I0426 12:07:56.590022   24448 log.go:245] (0xc0000e64d0) Reply frame received for 13
I0426 12:07:56.590069   24448 log.go:245] (0xc0005b00a0) (13) Writing data frame
I0426 12:07:56.590198   24448 log.go:245] (0xc0000e64d0) (0xc0005b0140) Create stream
I0426 12:07:56.590214   24448 log.go:245] (0xc0000e64d0) (0xc0005b0140) Stream added, broadcasting: 15
I0426 12:07:56.619132   24448 log.go:245] (0xc0000e64d0) Reply frame received for 15
I0426 12:07:56.619666   24448 log.go:245] (0xc0005b0140) (15) Writing data frame
I0426 12:07:56.646195   24448 log.go:245] (0xc0000e64d0) Data frame received for 15
I0426 12:07:56.646237   24448 log.go:245] (0xc0005b0140) (15) Data frame handling
I0426 12:07:56.646286   24448 log.go:245] (0xc0005b0140) (15) Data frame sent
I0426 12:07:56.646607   24448 log.go:245] (0xc0005b0140) (15) Writing data frame
I0426 12:07:56.668701   24448 log.go:245] (0xc0000e64d0) Data frame received for 13
I0426 12:07:56.668747   24448 log.go:245] (0xc0005b00a0) (13) Data frame handling
I0426 12:07:56.668762   24448 log.go:245] (0xc0000e64d0) (0xc0005b00a0) Stream removed, broadcasting: 13
I0426 12:07:56.668782   24448 log.go:245] (0xc0000e64d0) Data frame received for 15
I0426 12:07:56.668788   24448 log.go:245] (0xc0005b0140) (15) Data frame handling
I0426 12:07:56.668796   24448 log.go:245] (0xc0000e64d0) (0xc0005b0140) Stream removed, broadcasting: 15
I0426 12:07:56.668806   24448 log.go:245] (0xc0000e64d0) (0xc0005b0140) Stream removed, broadcasting: 15
Handling connection for 5000
I0426 12:07:56.676180   24448 log.go:245] (0xc0000e64d0) (0xc0005b0000) Create stream
I0426 12:07:56.676488   24448 log.go:245] (0xc0000e64d0) (0xc0005b0000) Stream added, broadcasting: 17
I0426 12:07:56.679665   24448 log.go:245] (0xc0000e64d0) Reply frame received for 17
I0426 12:07:56.685207   24448 log.go:245] (0xc0005b0000) (17) Writing data frame
I0426 12:07:56.685434   24448 log.go:245] (0xc0000e64d0) (0xc00041c000) Create stream
I0426 12:07:56.685453   24448 log.go:245] (0xc0000e64d0) (0xc00041c000) Stream added, broadcasting: 19
I0426 12:07:56.690597   24448 log.go:245] (0xc0000e64d0) Reply frame received for 19
I0426 12:07:56.690732   24448 log.go:245] (0xc00041c000) (19) Writing data frame
I0426 12:07:56.696799   24448 log.go:245] (0xc0000e64d0) Data frame received for 19
I0426 12:07:56.696836   24448 log.go:245] (0xc00041c000) (19) Data frame handling
I0426 12:07:56.696903   24448 log.go:245] (0xc00041c000) (19) Data frame sent
I0426 12:07:56.697108   24448 log.go:245] (0xc00041c000) (19) Writing data frame
I0426 12:07:56.714858   24448 log.go:245] (0xc0000e64d0) Data frame received for 17
I0426 12:07:56.714903   24448 log.go:245] (0xc0005b0000) (17) Data frame handling
I0426 12:07:56.714913   24448 log.go:245] (0xc0000e64d0) (0xc0005b0000) Stream removed, broadcasting: 17
I0426 12:07:56.714928   24448 log.go:245] (0xc0000e64d0) Data frame received for 19
I0426 12:07:56.714934   24448 log.go:245] (0xc00041c000) (19) Data frame handling
I0426 12:07:56.714940   24448 log.go:245] (0xc0000e64d0) (0xc00041c000) Stream removed, broadcasting: 19
I0426 12:07:56.714950   24448 log.go:245] (0xc0000e64d0) (0xc00041c000) Stream removed, broadcasting: 19
Handling connection for 5000
I0426 12:12:56.847732   24448 log.go:245] (0xc0000e64d0) (0xc00041c000) Create stream
I0426 12:12:56.847773   24448 log.go:245] (0xc0000e64d0) (0xc00041c000) Stream added, broadcasting: 21
I0426 12:12:56.849331   24448 log.go:245] (0xc0000e64d0) Reply frame received for 21
I0426 12:12:56.849443   24448 log.go:245] (0xc00041c000) (21) Writing data frame
I0426 12:12:56.849573   24448 log.go:245] (0xc0000e64d0) (0xc0006f2dc0) Create stream
I0426 12:12:56.849600   24448 log.go:245] (0xc0000e64d0) (0xc0006f2dc0) Stream added, broadcasting: 23
I0426 12:12:56.850938   24448 log.go:245] (0xc0000e64d0) Reply frame received for 23
I0426 12:12:56.851054   24448 log.go:245] (0xc0006f2dc0) (23) Writing data frame
I0426 12:12:56.855573   24448 log.go:245] (0xc0000e64d0) Data frame received for 23
I0426 12:12:56.855617   24448 log.go:245] (0xc0006f2dc0) (23) Data frame handling
I0426 12:12:56.855692   24448 log.go:245] (0xc0006f2dc0) (23) Data frame sent
I0426 12:12:56.856078   24448 log.go:245] (0xc0006f2dc0) (23) Writing data frame
I0426 12:12:56.880312   24448 log.go:245] (0xc0000e64d0) Data frame received for 21
I0426 12:12:56.880361   24448 log.go:245] (0xc00041c000) (21) Data frame handling
I0426 12:12:56.880378   24448 log.go:245] (0xc0000e64d0) (0xc00041c000) Stream removed, broadcasting: 21
I0426 12:12:56.880394   24448 log.go:245] (0xc0000e64d0) Data frame received for 23
I0426 12:12:56.880408   24448 log.go:245] (0xc0006f2dc0) (23) Data frame handling
I0426 12:12:56.880419   24448 log.go:245] (0xc0000e64d0) (0xc0006f2dc0) Stream removed, broadcasting: 23
I0426 12:12:56.880434   24448 log.go:245] (0xc0000e64d0) (0xc0006f2dc0) Stream removed, broadcasting: 23
Handling connection for 5000
I0426 12:12:56.883341   24448 log.go:245] (0xc0000e64d0) (0xc000659220) Create stream
I0426 12:12:56.883365   24448 log.go:245] (0xc0000e64d0) (0xc000659220) Stream added, broadcasting: 25
I0426 12:12:56.898767   24448 log.go:245] (0xc0000e64d0) Reply frame received for 25
I0426 12:12:56.898820   24448 log.go:245] (0xc000659220) (25) Writing data frame
I0426 12:12:56.899084   24448 log.go:245] (0xc0000e64d0) (0xc0006f3900) Create stream
I0426 12:12:56.899116   24448 log.go:245] (0xc0000e64d0) (0xc0006f3900) Stream added, broadcasting: 27
I0426 12:12:56.904734   24448 log.go:245] (0xc0000e64d0) Reply frame received for 27
I0426 12:12:56.904881   24448 log.go:245] (0xc0006f3900) (27) Writing data frame
I0426 12:12:56.910536   24448 log.go:245] (0xc0000e64d0) Data frame received for 27
I0426 12:12:56.910575   24448 log.go:245] (0xc0006f3900) (27) Data frame handling
I0426 12:12:56.910595   24448 log.go:245] (0xc0006f3900) (27) Data frame sent
I0426 12:12:56.911757   24448 log.go:245] (0xc0000e64d0) Data frame received for 27
I0426 12:12:56.911788   24448 log.go:245] (0xc0006f3900) (27) Data frame handling
I0426 12:12:56.911835   24448 log.go:245] (0xc0006f3900) (27) Data frame sent
I0426 12:12:56.912096   24448 log.go:245] (0xc0006f3900) (27) Writing data frame
I0426 12:12:56.926171   24448 log.go:245] (0xc0000e64d0) Data frame received for 27
I0426 12:12:56.926210   24448 log.go:245] (0xc0006f3900) (27) Data frame handling
I0426 12:12:56.926226   24448 log.go:245] (0xc0000e64d0) (0xc0006f3900) Stream removed, broadcasting: 27
I0426 12:12:56.926246   24448 log.go:245] (0xc0000e64d0) (0xc0006f3900) Stream removed, broadcasting: 27
I0426 12:12:56.926922   24448 log.go:245] (0xc0000e64d0) Data frame received for 25
I0426 12:12:56.926982   24448 log.go:245] (0xc000659220) (25) Data frame handling
I0426 12:12:56.927022   24448 log.go:245] (0xc0000e64d0) (0xc000659220) Stream removed, broadcasting: 25
Handling connection for 5000
I0426 12:12:56.936071   24448 log.go:245] (0xc0000e64d0) (0xc00041c0a0) Create stream
I0426 12:12:56.936091   24448 log.go:245] (0xc0000e64d0) (0xc00041c0a0) Stream added, broadcasting: 29
I0426 12:12:56.961544   24448 log.go:245] (0xc0000e64d0) Reply frame received for 29
I0426 12:12:56.961579   24448 log.go:245] (0xc00041c0a0) (29) Writing data frame
I0426 12:12:56.961778   24448 log.go:245] (0xc0000e64d0) (0xc0006b4640) Create stream
I0426 12:12:56.961800   24448 log.go:245] (0xc0000e64d0) (0xc0006b4640) Stream added, broadcasting: 31
I0426 12:12:56.963360   24448 log.go:245] (0xc0000e64d0) Reply frame received for 31
I0426 12:12:56.963440   24448 log.go:245] (0xc0006b4640) (31) Writing data frame
I0426 12:12:56.967922   24448 log.go:245] (0xc0000e64d0) Data frame received for 31
I0426 12:12:56.967958   24448 log.go:245] (0xc0006b4640) (31) Data frame handling
I0426 12:12:56.967997   24448 log.go:245] (0xc0006b4640) (31) Data frame sent
I0426 12:12:56.968297   24448 log.go:245] (0xc0006b4640) (31) Writing data frame
I0426 12:12:56.979120   24448 log.go:245] (0xc0000e64d0) Data frame received for 31
I0426 12:12:56.979155   24448 log.go:245] (0xc0006b4640) (31) Data frame handling
I0426 12:12:56.979198   24448 log.go:245] (0xc0000e64d0) (0xc0006b4640) Stream removed, broadcasting: 31
I0426 12:12:56.979221   24448 log.go:245] (0xc0000e64d0) (0xc0006b4640) Stream removed, broadcasting: 31
I0426 12:12:56.979246   24448 log.go:245] (0xc0000e64d0) Data frame received for 29
I0426 12:12:56.979256   24448 log.go:245] (0xc00041c0a0) (29) Data frame handling
I0426 12:12:56.979297   24448 log.go:245] (0xc0000e64d0) (0xc00041c0a0) Stream removed, broadcasting: 29
Handling connection for 5000
I0426 12:17:57.083192   24448 log.go:245] (0xc0000e64d0) (0xc000659220) Create stream
I0426 12:17:57.083217   24448 log.go:245] (0xc0000e64d0) (0xc000659220) Stream added, broadcasting: 33
I0426 12:17:57.084503   24448 log.go:245] (0xc0000e64d0) Reply frame received for 33
I0426 12:17:57.084567   24448 log.go:245] (0xc000659220) (33) Writing data frame
I0426 12:17:57.084676   24448 log.go:245] (0xc0000e64d0) (0xc00041c000) Create stream
I0426 12:17:57.084693   24448 log.go:245] (0xc0000e64d0) (0xc00041c000) Stream added, broadcasting: 35
I0426 12:17:57.086416   24448 log.go:245] (0xc0000e64d0) Reply frame received for 35
I0426 12:17:57.086543   24448 log.go:245] (0xc00041c000) (35) Writing data frame
I0426 12:17:57.134899   24448 log.go:245] (0xc0000e64d0) Data frame received for 35
I0426 12:17:57.134939   24448 log.go:245] (0xc00041c000) (35) Data frame handling
I0426 12:17:57.134955   24448 log.go:245] (0xc00041c000) (35) Data frame sent
I0426 12:17:57.135248   24448 log.go:245] (0xc00041c000) (35) Writing data frame
I0426 12:17:57.146156   24448 log.go:245] (0xc0000e64d0) Data frame received for 33
I0426 12:17:57.146224   24448 log.go:245] (0xc000659220) (33) Data frame handling
I0426 12:17:57.146247   24448 log.go:245] (0xc0000e64d0) (0xc000659220) Stream removed, broadcasting: 33
I0426 12:17:57.146280   24448 log.go:245] (0xc0000e64d0) Data frame received for 35
I0426 12:17:57.146293   24448 log.go:245] (0xc00041c000) (35) Data frame handling
I0426 12:17:57.146304   24448 log.go:245] (0xc0000e64d0) (0xc00041c000) Stream removed, broadcasting: 35
I0426 12:17:57.146322   24448 log.go:245] (0xc0000e64d0) (0xc00041c000) Stream removed, broadcasting: 35
Handling connection for 5000
I0426 12:17:57.160933   24448 log.go:245] (0xc0000e64d0) (0xc0006b4640) Create stream
I0426 12:17:57.160960   24448 log.go:245] (0xc0000e64d0) (0xc0006b4640) Stream added, broadcasting: 37
I0426 12:17:57.162757   24448 log.go:245] (0xc0000e64d0) Reply frame received for 37
I0426 12:17:57.162808   24448 log.go:245] (0xc0006b4640) (37) Writing data frame
I0426 12:17:57.162914   24448 log.go:245] (0xc0000e64d0) (0xc0006b5400) Create stream
I0426 12:17:57.162953   24448 log.go:245] (0xc0000e64d0) (0xc0006b5400) Stream added, broadcasting: 39
I0426 12:17:57.164294   24448 log.go:245] (0xc0000e64d0) Reply frame received for 39
I0426 12:17:57.164372   24448 log.go:245] (0xc0006b5400) (39) Writing data frame
I0426 12:17:57.167208   24448 log.go:245] (0xc0000e64d0) Data frame received for 39
I0426 12:17:57.167240   24448 log.go:245] (0xc0006b5400) (39) Data frame handling
I0426 12:17:57.167256   24448 log.go:245] (0xc0006b5400) (39) Data frame sent
I0426 12:17:57.167564   24448 log.go:245] (0xc0006b5400) (39) Writing data frame
I0426 12:17:57.182373   24448 log.go:245] (0xc0000e64d0) Data frame received for 39
I0426 12:17:57.182454   24448 log.go:245] (0xc0006b5400) (39) Data frame handling
I0426 12:17:57.182509   24448 log.go:245] (0xc0000e64d0) (0xc0006b5400) Stream removed, broadcasting: 39
I0426 12:17:57.182527   24448 log.go:245] (0xc0000e64d0) (0xc0006b5400) Stream removed, broadcasting: 39
Handling connection for 5000
I0426 12:17:57.191461   24448 log.go:245] (0xc0000e64d0) (0xc00041c0a0) Create stream
I0426 12:17:57.191487   24448 log.go:245] (0xc0000e64d0) (0xc00041c0a0) Stream added, broadcasting: 41
I0426 12:17:57.191829   24448 log.go:245] (0xc0000e64d0) Data frame received for 37
I0426 12:17:57.191852   24448 log.go:245] (0xc0006b4640) (37) Data frame handling
I0426 12:17:57.191864   24448 log.go:245] (0xc0000e64d0) (0xc0006b4640) Stream removed, broadcasting: 37
I0426 12:17:57.198986   24448 log.go:245] (0xc0000e64d0) Reply frame received for 41
I0426 12:17:57.199070   24448 log.go:245] (0xc00041c0a0) (41) Writing data frame
I0426 12:17:57.199213   24448 log.go:245] (0xc0000e64d0) (0xc00041c140) Create stream
I0426 12:17:57.199227   24448 log.go:245] (0xc0000e64d0) (0xc00041c140) Stream added, broadcasting: 43
I0426 12:17:57.206805   24448 log.go:245] (0xc0000e64d0) Reply frame received for 43
I0426 12:17:57.206918   24448 log.go:245] (0xc00041c140) (43) Writing data frame
I0426 12:17:57.226479   24448 log.go:245] (0xc0000e64d0) Data frame received for 43
I0426 12:17:57.226518   24448 log.go:245] (0xc00041c140) (43) Data frame handling
I0426 12:17:57.226529   24448 log.go:245] (0xc00041c140) (43) Data frame sent
I0426 12:17:57.227263   24448 log.go:245] (0xc00041c140) (43) Writing data frame
I0426 12:17:57.238565   24448 log.go:245] (0xc0000e64d0) Data frame received for 43
I0426 12:17:57.238753   24448 log.go:245] (0xc00041c140) (43) Data frame handling
I0426 12:17:57.238777   24448 log.go:245] (0xc0000e64d0) (0xc00041c140) Stream removed, broadcasting: 43
I0426 12:17:57.238819   24448 log.go:245] (0xc0000e64d0) (0xc00041c140) Stream removed, broadcasting: 43
I0426 12:17:57.238829   24448 log.go:245] (0xc0000e64d0) Data frame received for 41
I0426 12:17:57.238843   24448 log.go:245] (0xc00041c0a0) (41) Data frame handling
I0426 12:17:57.238850   24448 log.go:245] (0xc0000e64d0) (0xc00041c0a0) Stream removed, broadcasting: 41
Handling connection for 5000
I0426 12:22:57.298557   24448 log.go:245] (0xc0000e64d0) (0xc00041c000) Create stream
I0426 12:22:57.298594   24448 log.go:245] (0xc0000e64d0) (0xc00041c000) Stream added, broadcasting: 45
I0426 12:22:57.300503   24448 log.go:245] (0xc0000e64d0) Reply frame received for 45
I0426 12:22:57.300576   24448 log.go:245] (0xc00041c000) (45) Writing data frame
I0426 12:22:57.300701   24448 log.go:245] (0xc0000e64d0) (0xc000659220) Create stream
I0426 12:22:57.300720   24448 log.go:245] (0xc0000e64d0) (0xc000659220) Stream added, broadcasting: 47
I0426 12:22:57.302052   24448 log.go:245] (0xc0000e64d0) Reply frame received for 47
I0426 12:22:57.302179   24448 log.go:245] (0xc000659220) (47) Writing data frame
I0426 12:22:57.309921   24448 log.go:245] (0xc0000e64d0) Data frame received for 47
I0426 12:22:57.309967   24448 log.go:245] (0xc000659220) (47) Data frame handling
I0426 12:22:57.309988   24448 log.go:245] (0xc000659220) (47) Data frame sent
I0426 12:22:57.310260   24448 log.go:245] (0xc000659220) (47) Writing data frame
I0426 12:22:57.331569   24448 log.go:245] (0xc0000e64d0) Data frame received for 45
I0426 12:22:57.331623   24448 log.go:245] (0xc00041c000) (45) Data frame handling
I0426 12:22:57.331637   24448 log.go:245] (0xc0000e64d0) (0xc00041c000) Stream removed, broadcasting: 45
I0426 12:22:57.331656   24448 log.go:245] (0xc0000e64d0) Data frame received for 47
I0426 12:22:57.331663   24448 log.go:245] (0xc000659220) (47) Data frame handling
I0426 12:22:57.331670   24448 log.go:245] (0xc0000e64d0) (0xc000659220) Stream removed, broadcasting: 47
I0426 12:22:57.331681   24448 log.go:245] (0xc0000e64d0) (0xc000659220) Stream removed, broadcasting: 47
Handling connection for 5000
I0426 12:22:57.337537   24448 log.go:245] (0xc0000e64d0) (0xc00041c0a0) Create stream
I0426 12:22:57.337559   24448 log.go:245] (0xc0000e64d0) (0xc00041c0a0) Stream added, broadcasting: 49
I0426 12:22:57.339054   24448 log.go:245] (0xc0000e64d0) Reply frame received for 49
I0426 12:22:57.339099   24448 log.go:245] (0xc00041c0a0) (49) Writing data frame
I0426 12:22:57.339248   24448 log.go:245] (0xc0000e64d0) (0xc0006b4640) Create stream
I0426 12:22:57.339266   24448 log.go:245] (0xc0000e64d0) (0xc0006b4640) Stream added, broadcasting: 51
I0426 12:22:57.340651   24448 log.go:245] (0xc0000e64d0) Reply frame received for 51
I0426 12:22:57.340733   24448 log.go:245] (0xc0006b4640) (51) Writing data frame
I0426 12:22:57.348244   24448 log.go:245] (0xc0000e64d0) Data frame received for 51
I0426 12:22:57.348280   24448 log.go:245] (0xc0006b4640) (51) Data frame handling
I0426 12:22:57.348291   24448 log.go:245] (0xc0006b4640) (51) Data frame sent
I0426 12:22:57.348957   24448 log.go:245] (0xc0006b4640) (51) Writing data frame
I0426 12:22:57.363399   24448 log.go:245] (0xc0000e64d0) Data frame received for 49
I0426 12:22:57.363436   24448 log.go:245] (0xc00041c0a0) (49) Data frame handling
I0426 12:22:57.363452   24448 log.go:245] (0xc0000e64d0) (0xc00041c0a0) Stream removed, broadcasting: 49
I0426 12:22:57.363472   24448 log.go:245] (0xc0000e64d0) Data frame received for 51
I0426 12:22:57.363548   24448 log.go:245] (0xc0006b4640) (51) Data frame handling
I0426 12:22:57.363562   24448 log.go:245] (0xc0000e64d0) (0xc0006b4640) Stream removed, broadcasting: 51
I0426 12:22:57.363632   24448 log.go:245] (0xc0000e64d0) (0xc0006b4640) Stream removed, broadcasting: 51
